<?xml version="1.0" encoding="UTF-8"?>
<!-- Generated by org.testng.reporters.JUnitXMLReporter -->
<testsuite ignored="4" hostname="OF060J7VPJ40X6N" failures="4" tests="15" name="Regression Banking" time="0.177" errors="0" timestamp="2025-05-21T15:45:49 CST">
  <testcase classname="test.TestNGDay1C2" name="apiLoginbank" time="0.014"/>
  <testcase classname="test.TestNGDay1C2" name="parameterTest" time="0.0">
    <failure type="org.testng.TestNGException" message="
Parameter &amp;apos;uname&amp;apos; is required by @Test on method parameterTest but has not been marked @Optional or defined
in /Users/dou6339/eclipse-workspace/TestNGFramework/testng3.xml">
      <![CDATA[org.testng.TestNGException: 
Parameter 'uname' is required by @Test on method parameterTest but has not been marked @Optional or defined
in /Users/dou6339/eclipse-workspace/TestNGFramework/testng3.xml
at java.base/java.util.ArrayList.forEach(ArrayList.java:1596)
... Removed 26 stack frames]]>
    </failure>
  </testcase> <!-- parameterTest -->
  <testcase classname="test.TestNGDay1C2" name="webLoginBank" time="0.0"/>
  <testcase classname="test.TestNGDay1" name="demo2" time="0.001"/>
  <testcase classname="test.TestNGDay1" name="parameterTest" time="0.0">
    <failure type="org.testng.TestNGException" message="
Parameter &amp;apos;uname&amp;apos; is required by @Test on method parameterTest but has not been marked @Optional or defined
in /Users/dou6339/eclipse-workspace/TestNGFramework/testng3.xml">
      <![CDATA[org.testng.TestNGException: 
Parameter 'uname' is required by @Test on method parameterTest but has not been marked @Optional or defined
in /Users/dou6339/eclipse-workspace/TestNGFramework/testng3.xml
at java.base/java.util.ArrayList.forEach(ArrayList.java:1596)
... Removed 26 stack frames]]>
    </failure>
  </testcase> <!-- parameterTest -->
  <testcase classname="test.TestNGDay1" name="pickDataProvider" time="0.008"/>
  <testcase classname="test.TestNGDay1" name="pickDataProvider" time="0.002"/>
  <testcase classname="test.TestNGDay1" name="pickDataProvider" time="0.001"/>
  <testcase classname="test.TestNGDay1C4" name="apiLoginHome" time="0.003"/>
  <testcase classname="test.TestNGDay1C4" name="mobLoginHome" time="0.003"/>
  <testcase classname="test.TestNGDay1C4" name="parameterTest" time="0.0">
    <failure type="org.testng.TestNGException" message="
Parameter &amp;apos;uname&amp;apos; is required by @Test on method parameterTest but has not been marked @Optional or defined
in /Users/dou6339/eclipse-workspace/TestNGFramework/testng3.xml">
      <![CDATA[org.testng.TestNGException: 
Parameter 'uname' is required by @Test on method parameterTest but has not been marked @Optional or defined
in /Users/dou6339/eclipse-workspace/TestNGFramework/testng3.xml
at java.base/java.util.ArrayList.forEach(ArrayList.java:1596)
... Removed 26 stack frames]]>
    </failure>
  </testcase> <!-- parameterTest -->
  <testcase classname="test.TestNGDay1C3" name="apiLoginCar" time="0.0"/>
  <testcase classname="test.TestNGDay1C3" name="chromeLogincar" time="0.0"/>
  <testcase classname="test.TestNGDay1C3" name="mobLoginCar" time="0.007"/>
  <testcase classname="test.TestNGDay1C3" name="parameterTest" time="0.0">
    <failure type="org.testng.TestNGException" message="
Parameter &amp;apos;uname&amp;apos; is required by @Test on method parameterTest but has not been marked @Optional or defined
in /Users/dou6339/eclipse-workspace/TestNGFramework/testng3.xml">
      <![CDATA[org.testng.TestNGException: 
Parameter 'uname' is required by @Test on method parameterTest but has not been marked @Optional or defined
in /Users/dou6339/eclipse-workspace/TestNGFramework/testng3.xml
at java.base/java.util.ArrayList.forEach(ArrayList.java:1596)
... Removed 26 stack frames]]>
    </failure>
  </testcase> <!-- parameterTest -->
  <testcase classname="test.TestNGDay1" name="demo1" time="0.0">
    <ignored/>
  </testcase> <!-- demo1 -->
  <testcase classname="test.TestNGDay1C4" name="webLoginHome" time="0.0">
    <ignored/>
  </testcase> <!-- webLoginHome -->
  <testcase classname="test.TestNGDay1C2" name="mobLoginbank" time="0.0">
    <ignored/>
  </testcase> <!-- mobLoginbank -->
  <testcase classname="test.TestNGDay1C3" name="webLoginCar" time="0.0">
    <ignored/>
  </testcase> <!-- webLoginCar -->
</testsuite> <!-- Regression Banking -->
